<?xml version="1.0" encoding="UTF-8"?>
<coverage generated="1649821036647" clover="3.2.0">
  <project timestamp="1649821036647" name="All files">
    <metrics statements="93" coveredstatements="18" conditionals="12" coveredconditionals="2" methods="34" coveredmethods="5" elements="139" coveredelements="25" complexity="0" loc="93" ncloc="93" packages="7" files="18" classes="18"/>
    <package name="frontend">
      <metrics statements="6" coveredstatements="0" conditionals="2" coveredconditionals="0" methods="1" coveredmethods="0"/>
      <file name="App.tsx" path="C:\Users\duket\Github\wmtalk\Code\frontend\App.tsx">
        <metrics statements="6" coveredstatements="0" conditionals="2" coveredconditionals="0" methods="1" coveredmethods="0"/>
        <line num="8" count="0" type="stmt"/>
        <line num="9" count="0" type="stmt"/>
        <line num="10" count="0" type="stmt"/>
        <line num="12" count="0" type="cond" truecount="0" falsecount="2"/>
        <line num="13" count="0" type="stmt"/>
        <line num="15" count="0" type="stmt"/>
      </file>
    </package>
    <package name="frontend.src.components">
      <metrics statements="21" coveredstatements="12" conditionals="2" coveredconditionals="1" methods="7" coveredmethods="3"/>
      <file name="EditScreenInfo.tsx" path="C:\Users\duket\Github\wmtalk\Code\frontend\src\components\EditScreenInfo.tsx">
        <metrics statements="5" coveredstatements="0" conditionals="0" coveredconditionals="0" methods="3" coveredmethods="0"/>
        <line num="7" count="0" type="stmt"/>
        <line num="38" count="0" type="stmt"/>
        <line num="43" count="0" type="stmt"/>
        <line num="44" count="0" type="stmt"/>
        <line num="77" count="0" type="stmt"/>
      </file>
      <file name="StyledText.tsx" path="C:\Users\duket\Github\wmtalk\Code\frontend\src\components\StyledText.tsx">
        <metrics statements="3" coveredstatements="3" conditionals="0" coveredconditionals="0" methods="1" coveredmethods="1"/>
        <line num="3" count="1" type="stmt"/>
        <line num="4" count="1" type="stmt"/>
        <line num="5" count="1" type="stmt"/>
      </file>
      <file name="Themed.tsx" path="C:\Users\duket\Github\wmtalk\Code\frontend\src\components\Themed.tsx">
        <metrics statements="13" coveredstatements="9" conditionals="2" coveredconditionals="1" methods="3" coveredmethods="2"/>
        <line num="15" count="1" type="stmt"/>
        <line num="16" count="1" type="stmt"/>
        <line num="18" count="1" type="cond" truecount="1" falsecount="1"/>
        <line num="19" count="0" type="stmt"/>
        <line num="21" count="1" type="stmt"/>
        <line num="32" count="1" type="stmt"/>
        <line num="33" count="1" type="stmt"/>
        <line num="34" count="1" type="stmt"/>
        <line num="36" count="1" type="stmt"/>
        <line num="39" count="1" type="stmt"/>
        <line num="40" count="0" type="stmt"/>
        <line num="41" count="0" type="stmt"/>
        <line num="46" count="0" type="stmt"/>
      </file>
    </package>
    <package name="frontend.src.components.CreatePost">
      <metrics statements="19" coveredstatements="3" conditionals="2" coveredconditionals="1" methods="7" coveredmethods="1"/>
      <file name="CreatePost.tsx" path="C:\Users\duket\Github\wmtalk\Code\frontend\src\components\CreatePost\CreatePost.tsx">
        <metrics statements="4" coveredstatements="0" conditionals="0" coveredconditionals="0" methods="1" coveredmethods="0"/>
        <line num="6" count="0" type="stmt"/>
        <line num="7" count="0" type="stmt"/>
        <line num="8" count="0" type="stmt"/>
        <line num="10" count="0" type="stmt"/>
      </file>
      <file name="CreatePostButton.tsx" path="C:\Users\duket\Github\wmtalk\Code\frontend\src\components\CreatePost\CreatePostButton.tsx">
        <metrics statements="9" coveredstatements="0" conditionals="0" coveredconditionals="0" methods="4" coveredmethods="0"/>
        <line num="5" count="0" type="stmt"/>
        <line num="41" count="0" type="stmt"/>
        <line num="46" count="0" type="stmt"/>
        <line num="47" count="0" type="stmt"/>
        <line num="49" count="0" type="stmt"/>
        <line num="51" count="0" type="stmt"/>
        <line num="62" count="0" type="stmt"/>
        <line num="67" count="0" type="stmt"/>
        <line num="73" count="0" type="stmt"/>
      </file>
      <file name="CreatePostTextBox.tsx" path="C:\Users\duket\Github\wmtalk\Code\frontend\src\components\CreatePost\CreatePostTextBox.tsx">
        <metrics statements="3" coveredstatements="0" conditionals="0" coveredconditionals="0" methods="1" coveredmethods="0"/>
        <line num="4" count="0" type="stmt"/>
        <line num="15" count="0" type="stmt"/>
        <line num="19" count="0" type="stmt"/>
      </file>
      <file name="CreatePostTitle.tsx" path="C:\Users\duket\Github\wmtalk\Code\frontend\src\components\CreatePost\CreatePostTitle.tsx">
        <metrics statements="3" coveredstatements="3" conditionals="2" coveredconditionals="1" methods="1" coveredmethods="1"/>
        <line num="10" count="1" type="stmt"/>
        <line num="40" count="1" type="stmt"/>
        <line num="41" count="2" type="stmt"/>
      </file>
    </package>
    <package name="frontend.src.constants">
      <metrics statements="4" coveredstatements="2" conditionals="0" coveredconditionals="0" methods="0" coveredmethods="0"/>
      <file name="Colors.ts" path="C:\Users\duket\Github\wmtalk\Code\frontend\src\constants\Colors.ts">
        <metrics statements="2" coveredstatements="2" conditionals="0" coveredconditionals="0" methods="0" coveredmethods="0"/>
        <line num="1" count="1" type="stmt"/>
        <line num="2" count="1" type="stmt"/>
      </file>
      <file name="Layout.ts" path="C:\Users\duket\Github\wmtalk\Code\frontend\src\constants\Layout.ts">
        <metrics statements="2" coveredstatements="0" conditionals="0" coveredconditionals="0" methods="0" coveredmethods="0"/>
        <line num="3" count="0" type="stmt"/>
        <line num="4" count="0" type="stmt"/>
      </file>
    </package>
    <package name="frontend.src.hooks">
      <metrics statements="12" coveredstatements="1" conditionals="0" coveredconditionals="0" methods="4" coveredmethods="1"/>
      <file name="useCachedResources.ts" path="C:\Users\duket\Github\wmtalk\Code\frontend\src\hooks\useCachedResources.ts">
        <metrics statements="11" coveredstatements="0" conditionals="0" coveredconditionals="0" methods="3" coveredmethods="0"/>
        <line num="6" count="0" type="stmt"/>
        <line num="7" count="0" type="stmt"/>
        <line num="10" count="0" type="stmt"/>
        <line num="12" count="0" type="stmt"/>
        <line num="13" count="0" type="stmt"/>
        <line num="16" count="0" type="stmt"/>
        <line num="23" count="0" type="stmt"/>
        <line num="25" count="0" type="stmt"/>
        <line num="26" count="0" type="stmt"/>
        <line num="30" count="0" type="stmt"/>
        <line num="33" count="0" type="stmt"/>
      </file>
      <file name="useColorScheme.ts" path="C:\Users\duket\Github\wmtalk\Code\frontend\src\hooks\useColorScheme.ts">
        <metrics statements="1" coveredstatements="1" conditionals="0" coveredconditionals="0" methods="1" coveredmethods="1"/>
        <line num="10" count="1" type="stmt"/>
      </file>
    </package>
    <package name="frontend.src.navigation">
      <metrics statements="18" coveredstatements="0" conditionals="4" coveredconditionals="0" methods="10" coveredmethods="0"/>
      <file name="LinkingConfiguration.ts" path="C:\Users\duket\Github\wmtalk\Code\frontend\src\navigation\LinkingConfiguration.ts">
        <metrics statements="1" coveredstatements="0" conditionals="0" coveredconditionals="0" methods="0" coveredmethods="0"/>
        <line num="12" count="0" type="stmt"/>
      </file>
      <file name="index.tsx" path="C:\Users\duket\Github\wmtalk\Code\frontend\src\navigation\index.tsx">
        <metrics statements="17" coveredstatements="0" conditionals="4" coveredconditionals="0" methods="10" coveredmethods="0"/>
        <line num="33" count="0" type="stmt"/>
        <line num="40" count="0" type="stmt"/>
        <line num="48" count="0" type="stmt"/>
        <line num="54" count="0" type="stmt"/>
        <line num="55" count="0" type="stmt"/>
        <line num="57" count="0" type="stmt"/>
        <line num="67" count="0" type="stmt"/>
        <line num="70" count="0" type="stmt"/>
        <line num="73" count="0" type="stmt"/>
        <line num="74" count="0" type="stmt"/>
        <line num="75" count="0" type="stmt"/>
        <line num="95" count="0" type="stmt"/>
        <line num="103" count="0" type="stmt"/>
        <line num="109" count="0" type="stmt"/>
        <line num="110" count="0" type="stmt"/>
        <line num="127" count="0" type="stmt"/>
        <line num="128" count="0" type="stmt"/>
      </file>
    </package>
    <package name="frontend.src.screens">
      <metrics statements="13" coveredstatements="0" conditionals="2" coveredconditionals="0" methods="5" coveredmethods="0"/>
      <file name="ModalScreen.tsx" path="C:\Users\duket\Github\wmtalk\Code\frontend\src\screens\ModalScreen.tsx">
        <metrics statements="3" coveredstatements="0" conditionals="2" coveredconditionals="0" methods="1" coveredmethods="0"/>
        <line num="7" count="0" type="stmt"/>
        <line num="24" count="0" type="stmt"/>
        <line num="25" count="0" type="stmt"/>
      </file>
      <file name="NotFoundScreen.tsx" path="C:\Users\duket\Github\wmtalk\Code\frontend\src\screens\NotFoundScreen.tsx">
        <metrics statements="4" coveredstatements="0" conditionals="0" coveredconditionals="0" methods="2" coveredmethods="0"/>
        <line num="6" count="0" type="stmt"/>
        <line num="27" count="0" type="stmt"/>
        <line num="28" count="0" type="stmt"/>
        <line num="31" count="0" type="stmt"/>
      </file>
      <file name="TabOneScreen.tsx" path="C:\Users\duket\Github\wmtalk\Code\frontend\src\screens\TabOneScreen.tsx">
        <metrics statements="3" coveredstatements="0" conditionals="0" coveredconditionals="0" methods="1" coveredmethods="0"/>
        <line num="6" count="0" type="stmt"/>
        <line num="23" count="0" type="stmt"/>
        <line num="24" count="0" type="stmt"/>
      </file>
      <file name="TabTwoScreen.tsx" path="C:\Users\duket\Github\wmtalk\Code\frontend\src\screens\TabTwoScreen.tsx">
        <metrics statements="3" coveredstatements="0" conditionals="0" coveredconditionals="0" methods="1" coveredmethods="0"/>
        <line num="6" count="0" type="stmt"/>
        <line num="23" count="0" type="stmt"/>
        <line num="24" count="0" type="stmt"/>
      </file>
    </package>
  </project>
</coverage>
