{"C:\\Users\\duket\\Github\\wmtalk\\Code\\frontend\\App.tsx": {"path":"C:\\Users\\duket\\Github\\wmtalk\\Code\\frontend\\App.tsx","statementMap":{"0":{"start":{"line":8,"column":12},"end":{"line":21,"column":1}},"1":{"start":{"line":9,"column":30},"end":{"line":9,"column":50}},"2":{"start":{"line":10,"column":24},"end":{"line":10,"column":40}},"3":{"start":{"line":12,"column":4},"end":{"line":14,"column":5}},"4":{"start":{"line":13,"column":8},"end":{"line":13,"column":20}},"5":{"start":{"line":15,"column":4},"end":{"line":20,"column":6}}},"fnMap":{"0":{"name":"(anonymous_0)","decl":{"start":{"line":8,"column":12},"end":{"line":8,"column":13}},"loc":{"start":{"line":8,"column":18},"end":{"line":21,"column":1}},"line":8}},"branchMap":{"0":{"loc":{"start":{"line":12,"column":4},"end":{"line":14,"column":5}},"type":"if","locations":[{"start":{"line":12,"column":4},"end":{"line":14,"column":5}},{"start":{},"end":{}}],"line":12}},"s":{"0":0,"1":0,"2":0,"3":0,"4":0,"5":0},"f":{"0":0},"b":{"0":[0,0]}}
,"C:\\Users\\duket\\Github\\wmtalk\\Code\\frontend\\src\\components\\EditScreenInfo.tsx": {"path":"C:\\Users\\duket\\Github\\wmtalk\\Code\\frontend\\src\\components\\EditScreenInfo.tsx","statementMap":{"0":{"start":{"line":7,"column":15},"end":{"line":35,"column":2}},"1":{"start":{"line":38,"column":4},"end":{"line":40,"column":6}},"2":{"start":{"line":43,"column":23},"end":{"line":90,"column":1}},"3":{"start":{"line":44,"column":4},"end":{"line":89,"column":11}},"4":{"start":{"line":77,"column":31},"end":{"line":77,"column":46}}},"fnMap":{"0":{"name":"handleHelpPress","decl":{"start":{"line":37,"column":9},"end":{"line":37,"column":24}},"loc":{"start":{"line":37,"column":27},"end":{"line":41,"column":1}},"line":37},"1":{"name":"(anonymous_1)","decl":{"start":{"line":43,"column":23},"end":{"line":43,"column":24}},"loc":{"start":{"line":44,"column":4},"end":{"line":89,"column":11}},"line":44},"2":{"name":"(anonymous_2)","decl":{"start":{"line":77,"column":25},"end":{"line":77,"column":26}},"loc":{"start":{"line":77,"column":31},"end":{"line":77,"column":46}},"line":77}},"branchMap":{},"s":{"0":0,"1":0,"2":0,"3":0,"4":0},"f":{"0":0,"1":0,"2":0},"b":{}}
,"C:\\Users\\duket\\Github\\wmtalk\\Code\\frontend\\src\\components\\StyledText.tsx": {"path":"C:\\Users\\duket\\Github\\wmtalk\\Code\\frontend\\src\\components\\StyledText.tsx","statementMap":{"0":{"start":{"line":3,"column":17},"end":{"line":6,"column":1}},"1":{"start":{"line":4,"column":22},"end":{"line":4,"column":27}},"2":{"start":{"line":5,"column":4},"end":{"line":5,"column":77}}},"fnMap":{"0":{"name":"(anonymous_0)","decl":{"start":{"line":3,"column":17},"end":{"line":3,"column":18}},"loc":{"start":{"line":3,"column":39},"end":{"line":6,"column":1}},"line":3}},"branchMap":{},"s":{"0":1,"1":1,"2":1},"f":{"0":1},"b":{},"_coverageSchema":"1a1c01bbd47fc00a2c39e90264f33305004495a9","hash":"cf8ac284d9a88138e03a15606e88171673d0042d"}
,"C:\\Users\\duket\\Github\\wmtalk\\Code\\frontend\\src\\components\\Themed.tsx": {"path":"C:\\Users\\duket\\Github\\wmtalk\\Code\\frontend\\src\\components\\Themed.tsx","statementMap":{"0":{"start":{"line":15,"column":18},"end":{"line":15,"column":34}},"1":{"start":{"line":16,"column":27},"end":{"line":16,"column":39}},"2":{"start":{"line":18,"column":4},"end":{"line":20,"column":5}},"3":{"start":{"line":19,"column":8},"end":{"line":19,"column":30}},"4":{"start":{"line":21,"column":4},"end":{"line":21,"column":36}},"5":{"start":{"line":32,"column":20},"end":{"line":37,"column":1}},"6":{"start":{"line":33,"column":60},"end":{"line":33,"column":65}},"7":{"start":{"line":34,"column":18},"end":{"line":34,"column":79}},"8":{"start":{"line":36,"column":4},"end":{"line":36,"column":70}},"9":{"start":{"line":39,"column":20},"end":{"line":47,"column":1}},"10":{"start":{"line":40,"column":60},"end":{"line":40,"column":65}},"11":{"start":{"line":41,"column":28},"end":{"line":44,"column":5}},"12":{"start":{"line":46,"column":4},"end":{"line":46,"column":80}}},"fnMap":{"0":{"name":"useThemeColor","decl":{"start":{"line":11,"column":16},"end":{"line":11,"column":29}},"loc":{"start":{"line":14,"column":2},"end":{"line":22,"column":1}},"line":14},"1":{"name":"(anonymous_1)","decl":{"start":{"line":32,"column":20},"end":{"line":32,"column":21}},"loc":{"start":{"line":32,"column":42},"end":{"line":37,"column":1}},"line":32},"2":{"name":"(anonymous_2)","decl":{"start":{"line":39,"column":20},"end":{"line":39,"column":21}},"loc":{"start":{"line":39,"column":42},"end":{"line":47,"column":1}},"line":39}},"branchMap":{"0":{"loc":{"start":{"line":18,"column":4},"end":{"line":20,"column":5}},"type":"if","locations":[{"start":{"line":18,"column":4},"end":{"line":20,"column":5}},{"start":{},"end":{}}],"line":18}},"s":{"0":1,"1":1,"2":1,"3":0,"4":1,"5":1,"6":1,"7":1,"8":1,"9":1,"10":0,"11":0,"12":0},"f":{"0":1,"1":1,"2":0},"b":{"0":[0,1]},"_coverageSchema":"1a1c01bbd47fc00a2c39e90264f33305004495a9","hash":"a3a22e3566e15a64e0e6980c2255b6334cf2456b"}
,"C:\\Users\\duket\\Github\\wmtalk\\Code\\frontend\\src\\components\\CreatePost\\CreatePost.tsx": {"path":"C:\\Users\\duket\\Github\\wmtalk\\Code\\frontend\\src\\components\\CreatePost\\CreatePost.tsx","statementMap":{"0":{"start":{"line":6,"column":19},"end":{"line":23,"column":1}},"1":{"start":{"line":7,"column":30},"end":{"line":7,"column":42}},"2":{"start":{"line":8,"column":28},"end":{"line":8,"column":40}},"3":{"start":{"line":10,"column":4},"end":{"line":22,"column":6}}},"fnMap":{"0":{"name":"(anonymous_0)","decl":{"start":{"line":6,"column":19},"end":{"line":6,"column":20}},"loc":{"start":{"line":6,"column":25},"end":{"line":23,"column":1}},"line":6}},"branchMap":{},"s":{"0":0,"1":0,"2":0,"3":0},"f":{"0":0},"b":{}}
,"C:\\Users\\duket\\Github\\wmtalk\\Code\\frontend\\src\\components\\CreatePost\\CreatePostButton.tsx": {"path":"C:\\Users\\duket\\Github\\wmtalk\\Code\\frontend\\src\\components\\CreatePost\\CreatePostButton.tsx","statementMap":{"0":{"start":{"line":5,"column":15},"end":{"line":33,"column":2}},"1":{"start":{"line":41,"column":25},"end":{"line":71,"column":1}},"2":{"start":{"line":46,"column":28},"end":{"line":61,"column":5}},"3":{"start":{"line":47,"column":8},"end":{"line":47,"column":38}},"4":{"start":{"line":49,"column":29},"end":{"line":49,"column":63}},"5":{"start":{"line":51,"column":8},"end":{"line":60,"column":11}},"6":{"start":{"line":62,"column":4},"end":{"line":70,"column":6}},"7":{"start":{"line":67,"column":31},"end":{"line":67,"column":48}},"8":{"start":{"line":73,"column":4},"end":{"line":75,"column":6}}},"fnMap":{"0":{"name":"(anonymous_0)","decl":{"start":{"line":41,"column":25},"end":{"line":41,"column":26}},"loc":{"start":{"line":45,"column":29},"end":{"line":71,"column":1}},"line":45},"1":{"name":"(anonymous_1)","decl":{"start":{"line":46,"column":28},"end":{"line":46,"column":29}},"loc":{"start":{"line":46,"column":34},"end":{"line":61,"column":5}},"line":46},"2":{"name":"(anonymous_2)","decl":{"start":{"line":67,"column":25},"end":{"line":67,"column":26}},"loc":{"start":{"line":67,"column":31},"end":{"line":67,"column":48}},"line":67},"3":{"name":"handleHelpPress","decl":{"start":{"line":72,"column":16},"end":{"line":72,"column":31}},"loc":{"start":{"line":72,"column":34},"end":{"line":76,"column":1}},"line":72}},"branchMap":{},"s":{"0":0,"1":0,"2":0,"3":0,"4":0,"5":0,"6":0,"7":0,"8":0},"f":{"0":0,"1":0,"2":0,"3":0},"b":{}}
,"C:\\Users\\duket\\Github\\wmtalk\\Code\\frontend\\src\\components\\CreatePost\\CreatePostTextBox.tsx": {"path":"C:\\Users\\duket\\Github\\wmtalk\\Code\\frontend\\src\\components\\CreatePost\\CreatePostTextBox.tsx","statementMap":{"0":{"start":{"line":4,"column":15},"end":{"line":8,"column":2}},"1":{"start":{"line":15,"column":26},"end":{"line":26,"column":1}},"2":{"start":{"line":19,"column":4},"end":{"line":25,"column":11}}},"fnMap":{"0":{"name":"(anonymous_0)","decl":{"start":{"line":15,"column":26},"end":{"line":15,"column":27}},"loc":{"start":{"line":19,"column":4},"end":{"line":25,"column":11}},"line":19}},"branchMap":{},"s":{"0":0,"1":0,"2":0},"f":{"0":0},"b":{}}
,"C:\\Users\\duket\\Github\\wmtalk\\Code\\frontend\\src\\components\\CreatePost\\CreatePostTitle.tsx": {"path":"C:\\Users\\duket\\Github\\wmtalk\\Code\\frontend\\src\\components\\CreatePost\\CreatePostTitle.tsx","statementMap":{"0":{"start":{"line":10,"column":15},"end":{"line":33,"column":2}},"1":{"start":{"line":40,"column":24},"end":{"line":55,"column":1}},"2":{"start":{"line":41,"column":4},"end":{"line":54,"column":11}}},"fnMap":{"0":{"name":"(anonymous_0)","decl":{"start":{"line":40,"column":24},"end":{"line":40,"column":25}},"loc":{"start":{"line":41,"column":4},"end":{"line":54,"column":11}},"line":41}},"branchMap":{"0":{"loc":{"start":{"line":44,"column":22},"end":{"line":44,"column":66}},"type":"cond-expr","locations":[{"start":{"line":44,"column":46},"end":{"line":44,"column":55}},{"start":{"line":44,"column":58},"end":{"line":44,"column":66}}],"line":44}},"s":{"0":1,"1":1,"2":2},"f":{"0":2},"b":{"0":[2,0]},"_coverageSchema":"1a1c01bbd47fc00a2c39e90264f33305004495a9","hash":"03a08787cc30a80c6fbf32b97d9e6310d0d6fc8a"}
,"C:\\Users\\duket\\Github\\wmtalk\\Code\\frontend\\src\\constants\\Colors.ts": {"path":"C:\\Users\\duket\\Github\\wmtalk\\Code\\frontend\\src\\constants\\Colors.ts","statementMap":{"0":{"start":{"line":1,"column":23},"end":{"line":1,"column":32}},"1":{"start":{"line":2,"column":22},"end":{"line":2,"column":28}}},"fnMap":{},"branchMap":{},"s":{"0":1,"1":1},"f":{},"b":{},"_coverageSchema":"1a1c01bbd47fc00a2c39e90264f33305004495a9","hash":"4fca05a54c17a709a2263651e49debc794e570c0"}
,"C:\\Users\\duket\\Github\\wmtalk\\Code\\frontend\\src\\constants\\Layout.ts": {"path":"C:\\Users\\duket\\Github\\wmtalk\\Code\\frontend\\src\\constants\\Layout.ts","statementMap":{"0":{"start":{"line":3,"column":16},"end":{"line":3,"column":40}},"1":{"start":{"line":4,"column":17},"end":{"line":4,"column":41}}},"fnMap":{},"branchMap":{},"s":{"0":0,"1":0},"f":{},"b":{}}
,"C:\\Users\\duket\\Github\\wmtalk\\Code\\frontend\\src\\hooks\\useCachedResources.ts": {"path":"C:\\Users\\duket\\Github\\wmtalk\\Code\\frontend\\src\\hooks\\useCachedResources.ts","statementMap":{"0":{"start":{"line":6,"column":27},"end":{"line":34,"column":1}},"1":{"start":{"line":7,"column":52},"end":{"line":7,"column":67}},"2":{"start":{"line":10,"column":4},"end":{"line":31,"column":11}},"3":{"start":{"line":12,"column":12},"end":{"line":27,"column":13}},"4":{"start":{"line":13,"column":16},"end":{"line":13,"column":52}},"5":{"start":{"line":16,"column":16},"end":{"line":20,"column":19}},"6":{"start":{"line":23,"column":16},"end":{"line":23,"column":32}},"7":{"start":{"line":25,"column":16},"end":{"line":25,"column":41}},"8":{"start":{"line":26,"column":16},"end":{"line":26,"column":41}},"9":{"start":{"line":30,"column":8},"end":{"line":30,"column":36}},"10":{"start":{"line":33,"column":4},"end":{"line":33,"column":29}}},"fnMap":{"0":{"name":"(anonymous_0)","decl":{"start":{"line":6,"column":27},"end":{"line":6,"column":28}},"loc":{"start":{"line":6,"column":33},"end":{"line":34,"column":1}},"line":6},"1":{"name":"(anonymous_1)","decl":{"start":{"line":10,"column":14},"end":{"line":10,"column":15}},"loc":{"start":{"line":10,"column":20},"end":{"line":31,"column":5}},"line":10},"2":{"name":"loadResourcesAndDataAsync","decl":{"start":{"line":11,"column":23},"end":{"line":11,"column":48}},"loc":{"start":{"line":11,"column":51},"end":{"line":28,"column":9}},"line":11}},"branchMap":{},"s":{"0":0,"1":0,"2":0,"3":0,"4":0,"5":0,"6":0,"7":0,"8":0,"9":0,"10":0},"f":{"0":0,"1":0,"2":0},"b":{}}
,"C:\\Users\\duket\\Github\\wmtalk\\Code\\frontend\\src\\hooks\\useColorScheme.ts": {"path":"C:\\Users\\duket\\Github\\wmtalk\\Code\\frontend\\src\\hooks\\useColorScheme.ts","statementMap":{"0":{"start":{"line":10,"column":4},"end":{"line":10,"column":61}}},"fnMap":{"0":{"name":"useColorScheme","decl":{"start":{"line":9,"column":9},"end":{"line":9,"column":23}},"loc":{"start":{"line":9,"column":56},"end":{"line":11,"column":1}},"line":9}},"branchMap":{},"s":{"0":1},"f":{"0":1},"b":{},"_coverageSchema":"1a1c01bbd47fc00a2c39e90264f33305004495a9","hash":"d884aaea9ad026e4e0b38916bd69ddd91fa821a6"}
,"C:\\Users\\duket\\Github\\wmtalk\\Code\\frontend\\src\\navigation\\LinkingConfiguration.ts": {"path":"C:\\Users\\duket\\Github\\wmtalk\\Code\\frontend\\src\\navigation\\LinkingConfiguration.ts","statementMap":{"0":{"start":{"line":12,"column":52},"end":{"line":34,"column":1}}},"fnMap":{},"branchMap":{},"s":{"0":0},"f":{},"b":{}}
,"C:\\Users\\duket\\Github\\wmtalk\\Code\\frontend\\src\\navigation\\index.tsx": {"path":"C:\\Users\\duket\\Github\\wmtalk\\Code\\frontend\\src\\navigation\\index.tsx","statementMap":{"0":{"start":{"line":33,"column":19},"end":{"line":46,"column":1}},"1":{"start":{"line":40,"column":4},"end":{"line":45,"column":6}},"2":{"start":{"line":48,"column":18},"end":{"line":48,"column":62}},"3":{"start":{"line":54,"column":27},"end":{"line":101,"column":1}},"4":{"start":{"line":55,"column":24},"end":{"line":55,"column":40}},"5":{"start":{"line":57,"column":4},"end":{"line":100,"column":6}},"6":{"start":{"line":67,"column":76},"end":{"line":87,"column":17}},"7":{"start":{"line":70,"column":24},"end":{"line":70,"column":64}},"8":{"start":{"line":73,"column":24},"end":{"line":85,"column":36}},"9":{"start":{"line":74,"column":43},"end":{"line":74,"column":71}},"10":{"start":{"line":75,"column":53},"end":{"line":77,"column":29}},"11":{"start":{"line":95,"column":24},"end":{"line":95,"column":64}},"12":{"start":{"line":103,"column":14},"end":{"line":103,"column":62}},"13":{"start":{"line":109,"column":22},"end":{"line":125,"column":1}},"14":{"start":{"line":110,"column":4},"end":{"line":124,"column":22}},"15":{"start":{"line":127,"column":19},"end":{"line":134,"column":1}},"16":{"start":{"line":128,"column":4},"end":{"line":133,"column":26}}},"fnMap":{"0":{"name":"(anonymous_0)","decl":{"start":{"line":33,"column":19},"end":{"line":33,"column":20}},"loc":{"start":{"line":40,"column":4},"end":{"line":45,"column":6}},"line":40},"1":{"name":"(anonymous_1)","decl":{"start":{"line":54,"column":27},"end":{"line":54,"column":28}},"loc":{"start":{"line":54,"column":33},"end":{"line":101,"column":1}},"line":54},"2":{"name":"(anonymous_2)","decl":{"start":{"line":67,"column":25},"end":{"line":67,"column":26}},"loc":{"start":{"line":67,"column":76},"end":{"line":87,"column":17}},"line":67},"3":{"name":"(anonymous_3)","decl":{"start":{"line":69,"column":32},"end":{"line":69,"column":33}},"loc":{"start":{"line":70,"column":24},"end":{"line":70,"column":64}},"line":70},"4":{"name":"(anonymous_4)","decl":{"start":{"line":72,"column":33},"end":{"line":72,"column":34}},"loc":{"start":{"line":73,"column":24},"end":{"line":85,"column":36}},"line":73},"5":{"name":"(anonymous_5)","decl":{"start":{"line":74,"column":37},"end":{"line":74,"column":38}},"loc":{"start":{"line":74,"column":43},"end":{"line":74,"column":71}},"line":74},"6":{"name":"(anonymous_6)","decl":{"start":{"line":75,"column":35},"end":{"line":75,"column":36}},"loc":{"start":{"line":75,"column":53},"end":{"line":77,"column":29}},"line":75},"7":{"name":"(anonymous_7)","decl":{"start":{"line":94,"column":32},"end":{"line":94,"column":33}},"loc":{"start":{"line":95,"column":24},"end":{"line":95,"column":64}},"line":95},"8":{"name":"(anonymous_8)","decl":{"start":{"line":109,"column":22},"end":{"line":109,"column":23}},"loc":{"start":{"line":110,"column":4},"end":{"line":124,"column":22}},"line":110},"9":{"name":"(anonymous_9)","decl":{"start":{"line":127,"column":19},"end":{"line":127,"column":20}},"loc":{"start":{"line":128,"column":4},"end":{"line":133,"column":26}},"line":128}},"branchMap":{"0":{"loc":{"start":{"line":76,"column":41},"end":{"line":76,"column":58}},"type":"cond-expr","locations":[{"start":{"line":76,"column":51},"end":{"line":76,"column":54}},{"start":{"line":76,"column":57},"end":{"line":76,"column":58}}],"line":76},"1":{"loc":{"start":{"line":130,"column":15},"end":{"line":130,"column":64}},"type":"cond-expr","locations":[{"start":{"line":130,"column":40},"end":{"line":130,"column":49}},{"start":{"line":130,"column":52},"end":{"line":130,"column":64}}],"line":130}},"s":{"0":0,"1":0,"2":0,"3":0,"4":0,"5":0,"6":0,"7":0,"8":0,"9":0,"10":0,"11":0,"12":0,"13":0,"14":0,"15":0,"16":0},"f":{"0":0,"1":0,"2":0,"3":0,"4":0,"5":0,"6":0,"7":0,"8":0,"9":0},"b":{"0":[0,0],"1":[0,0]}}
,"C:\\Users\\duket\\Github\\wmtalk\\Code\\frontend\\src\\screens\\ModalScreen.tsx": {"path":"C:\\Users\\duket\\Github\\wmtalk\\Code\\frontend\\src\\screens\\ModalScreen.tsx","statementMap":{"0":{"start":{"line":7,"column":15},"end":{"line":22,"column":2}},"1":{"start":{"line":24,"column":20},"end":{"line":37,"column":1}},"2":{"start":{"line":25,"column":4},"end":{"line":36,"column":11}}},"fnMap":{"0":{"name":"(anonymous_0)","decl":{"start":{"line":24,"column":20},"end":{"line":24,"column":21}},"loc":{"start":{"line":25,"column":4},"end":{"line":36,"column":11}},"line":25}},"branchMap":{"0":{"loc":{"start":{"line":35,"column":26},"end":{"line":35,"column":66}},"type":"cond-expr","locations":[{"start":{"line":35,"column":50},"end":{"line":35,"column":57}},{"start":{"line":35,"column":60},"end":{"line":35,"column":66}}],"line":35}},"s":{"0":0,"1":0,"2":0},"f":{"0":0},"b":{"0":[0,0]}}
,"C:\\Users\\duket\\Github\\wmtalk\\Code\\frontend\\src\\screens\\NotFoundScreen.tsx": {"path":"C:\\Users\\duket\\Github\\wmtalk\\Code\\frontend\\src\\screens\\NotFoundScreen.tsx","statementMap":{"0":{"start":{"line":6,"column":15},"end":{"line":25,"column":2}},"1":{"start":{"line":27,"column":23},"end":{"line":37,"column":1}},"2":{"start":{"line":28,"column":4},"end":{"line":36,"column":11}},"3":{"start":{"line":31,"column":27},"end":{"line":31,"column":53}}},"fnMap":{"0":{"name":"(anonymous_0)","decl":{"start":{"line":27,"column":23},"end":{"line":27,"column":24}},"loc":{"start":{"line":28,"column":4},"end":{"line":36,"column":11}},"line":28},"1":{"name":"(anonymous_1)","decl":{"start":{"line":31,"column":21},"end":{"line":31,"column":22}},"loc":{"start":{"line":31,"column":27},"end":{"line":31,"column":53}},"line":31}},"branchMap":{},"s":{"0":0,"1":0,"2":0,"3":0},"f":{"0":0,"1":0},"b":{}}
,"C:\\Users\\duket\\Github\\wmtalk\\Code\\frontend\\src\\screens\\TabOneScreen.tsx": {"path":"C:\\Users\\duket\\Github\\wmtalk\\Code\\frontend\\src\\screens\\TabOneScreen.tsx","statementMap":{"0":{"start":{"line":6,"column":15},"end":{"line":21,"column":2}},"1":{"start":{"line":23,"column":21},"end":{"line":40,"column":1}},"2":{"start":{"line":24,"column":4},"end":{"line":39,"column":11}}},"fnMap":{"0":{"name":"(anonymous_0)","decl":{"start":{"line":23,"column":21},"end":{"line":23,"column":22}},"loc":{"start":{"line":24,"column":4},"end":{"line":39,"column":11}},"line":24}},"branchMap":{},"s":{"0":0,"1":0,"2":0},"f":{"0":0},"b":{}}
,"C:\\Users\\duket\\Github\\wmtalk\\Code\\frontend\\src\\screens\\TabTwoScreen.tsx": {"path":"C:\\Users\\duket\\Github\\wmtalk\\Code\\frontend\\src\\screens\\TabTwoScreen.tsx","statementMap":{"0":{"start":{"line":6,"column":15},"end":{"line":21,"column":2}},"1":{"start":{"line":23,"column":21},"end":{"line":33,"column":1}},"2":{"start":{"line":24,"column":4},"end":{"line":32,"column":11}}},"fnMap":{"0":{"name":"(anonymous_0)","decl":{"start":{"line":23,"column":21},"end":{"line":23,"column":22}},"loc":{"start":{"line":24,"column":4},"end":{"line":32,"column":11}},"line":24}},"branchMap":{},"s":{"0":0,"1":0,"2":0},"f":{"0":0},"b":{}}
}
