TN:
SF:App.tsx
FN:8,(anonymous_0)
FNF:1
FNH:0
FNDA:0,(anonymous_0)
DA:8,0
DA:9,0
DA:10,0
DA:12,0
DA:13,0
DA:15,0
LF:6
LH:0
BRDA:12,0,0,0
BRDA:12,0,1,0
BRF:2
BRH:0
end_of_record
TN:
SF:src\components\EditScreenInfo.tsx
FN:37,handleHelpPress
FN:43,(anonymous_1)
FN:77,(anonymous_2)
FNF:3
FNH:0
FNDA:0,handleHelpPress
FNDA:0,(anonymous_1)
FNDA:0,(anonymous_2)
DA:7,0
DA:38,0
DA:43,0
DA:44,0
DA:77,0
LF:5
LH:0
BRF:0
BRH:0
end_of_record
TN:
SF:src\components\StyledText.tsx
FN:3,(anonymous_0)
FNF:1
FNH:1
FNDA:1,(anonymous_0)
DA:3,1
DA:4,1
DA:5,1
LF:3
LH:3
BRF:0
BRH:0
end_of_record
TN:
SF:src\components\Themed.tsx
FN:11,useThemeColor
FN:32,(anonymous_1)
FN:39,(anonymous_2)
FNF:3
FNH:2
FNDA:1,useThemeColor
FNDA:1,(anonymous_1)
FNDA:0,(anonymous_2)
DA:15,1
DA:16,1
DA:18,1
DA:19,0
DA:21,1
DA:32,1
DA:33,1
DA:34,1
DA:36,1
DA:39,1
DA:40,0
DA:41,0
DA:46,0
LF:13
LH:9
BRDA:18,0,0,0
BRDA:18,0,1,1
BRF:2
BRH:1
end_of_record
TN:
SF:src\components\CreatePost\CreatePost.tsx
FN:6,(anonymous_0)
FNF:1
FNH:0
FNDA:0,(anonymous_0)
DA:6,0
DA:7,0
DA:8,0
DA:10,0
LF:4
LH:0
BRF:0
BRH:0
end_of_record
TN:
SF:src\components\CreatePost\CreatePostButton.tsx
FN:41,(anonymous_0)
FN:46,(anonymous_1)
FN:67,(anonymous_2)
FN:72,handleHelpPress
FNF:4
FNH:0
FNDA:0,(anonymous_0)
FNDA:0,(anonymous_1)
FNDA:0,(anonymous_2)
FNDA:0,handleHelpPress
DA:5,0
DA:41,0
DA:46,0
DA:47,0
DA:49,0
DA:51,0
DA:62,0
DA:67,0
DA:73,0
LF:9
LH:0
BRF:0
BRH:0
end_of_record
TN:
SF:src\components\CreatePost\CreatePostTextBox.tsx
FN:15,(anonymous_0)
FNF:1
FNH:0
FNDA:0,(anonymous_0)
DA:4,0
DA:15,0
DA:19,0
LF:3
LH:0
BRF:0
BRH:0
end_of_record
TN:
SF:src\components\CreatePost\CreatePostTitle.tsx
FN:40,(anonymous_0)
FNF:1
FNH:1
FNDA:2,(anonymous_0)
DA:10,1
DA:40,1
DA:41,2
LF:3
LH:3
BRDA:44,0,0,2
BRDA:44,0,1,0
BRF:2
BRH:1
end_of_record
TN:
SF:src\constants\Colors.ts
FNF:0
FNH:0
DA:1,1
DA:2,1
LF:2
LH:2
BRF:0
BRH:0
end_of_record
TN:
SF:src\constants\Layout.ts
FNF:0
FNH:0
DA:3,0
DA:4,0
LF:2
LH:0
BRF:0
BRH:0
end_of_record
TN:
SF:src\hooks\useCachedResources.ts
FN:6,(anonymous_0)
FN:10,(anonymous_1)
FN:11,loadResourcesAndDataAsync
FNF:3
FNH:0
FNDA:0,(anonymous_0)
FNDA:0,(anonymous_1)
FNDA:0,loadResourcesAndDataAsync
DA:6,0
DA:7,0
DA:10,0
DA:12,0
DA:13,0
DA:16,0
DA:23,0
DA:25,0
DA:26,0
DA:30,0
DA:33,0
LF:11
LH:0
BRF:0
BRH:0
end_of_record
TN:
SF:src\hooks\useColorScheme.ts
FN:9,useColorScheme
FNF:1
FNH:1
FNDA:1,useColorScheme
DA:10,1
LF:1
LH:1
BRF:0
BRH:0
end_of_record
TN:
SF:src\navigation\LinkingConfiguration.ts
FNF:0
FNH:0
DA:12,0
LF:1
LH:0
BRF:0
BRH:0
end_of_record
TN:
SF:src\navigation\index.tsx
FN:33,(anonymous_0)
FN:54,(anonymous_1)
FN:67,(anonymous_2)
FN:69,(anonymous_3)
FN:72,(anonymous_4)
FN:74,(anonymous_5)
FN:75,(anonymous_6)
FN:94,(anonymous_7)
FN:109,(anonymous_8)
FN:127,(anonymous_9)
FNF:10
FNH:0
FNDA:0,(anonymous_0)
FNDA:0,(anonymous_1)
FNDA:0,(anonymous_2)
FNDA:0,(anonymous_3)
FNDA:0,(anonymous_4)
FNDA:0,(anonymous_5)
FNDA:0,(anonymous_6)
FNDA:0,(anonymous_7)
FNDA:0,(anonymous_8)
FNDA:0,(anonymous_9)
DA:33,0
DA:40,0
DA:48,0
DA:54,0
DA:55,0
DA:57,0
DA:67,0
DA:70,0
DA:73,0
DA:74,0
DA:75,0
DA:95,0
DA:103,0
DA:109,0
DA:110,0
DA:127,0
DA:128,0
LF:17
LH:0
BRDA:76,0,0,0
BRDA:76,0,1,0
BRDA:130,1,0,0
BRDA:130,1,1,0
BRF:4
BRH:0
end_of_record
TN:
SF:src\screens\ModalScreen.tsx
FN:24,(anonymous_0)
FNF:1
FNH:0
FNDA:0,(anonymous_0)
DA:7,0
DA:24,0
DA:25,0
LF:3
LH:0
BRDA:35,0,0,0
BRDA:35,0,1,0
BRF:2
BRH:0
end_of_record
TN:
SF:src\screens\NotFoundScreen.tsx
FN:27,(anonymous_0)
FN:31,(anonymous_1)
FNF:2
FNH:0
FNDA:0,(anonymous_0)
FNDA:0,(anonymous_1)
DA:6,0
DA:27,0
DA:28,0
DA:31,0
LF:4
LH:0
BRF:0
BRH:0
end_of_record
TN:
SF:src\screens\TabOneScreen.tsx
FN:23,(anonymous_0)
FNF:1
FNH:0
FNDA:0,(anonymous_0)
DA:6,0
DA:23,0
DA:24,0
LF:3
LH:0
BRF:0
BRH:0
end_of_record
TN:
SF:src\screens\TabTwoScreen.tsx
FN:23,(anonymous_0)
FNF:1
FNH:0
FNDA:0,(anonymous_0)
DA:6,0
DA:23,0
DA:24,0
LF:3
LH:0
BRF:0
BRH:0
end_of_record
